#
# There is insufficient memory for the Java Runtime Environment to continue.
# Native memory allocation (mmap) failed to map 130023424 bytes for Failed to commit area from 0x0000000084c00000 to 0x000000008c800000 of length 130023424.
# Possible reasons:
#   The system is out of physical RAM or swap space
#   The process is running with CompressedOops enabled, and the Java Heap may be blocking the growth of the native heap
# Possible solutions:
#   Reduce memory load on the system
#   Increase physical memory or swap space
#   Check if swap backing store is full
#   Decrease Java heap size (-Xmx/-Xms)
#   Decrease number of Java threads
#   Decrease Java thread stack sizes (-Xss)
#   Set larger code cache with -XX:ReservedCodeCacheSize=
# This output file may be truncated or incomplete.
#
#  Out of Memory Error (./src/hotspot/os/windows/os_windows.cpp:3301), pid=40616, tid=5092
#
# JRE version:  (11.0.11+9) (build )
# Java VM: OpenJDK 64-Bit Server VM (11.0.11+9-b60-7590822, mixed mode, sharing, tiered, compressed oops, g1 gc, windows-amd64)
# No core dump will be written. Minidumps are not enabled by default on client versions of Windows
#

---------------  S U M M A R Y ------------

Command Line: org.jetbrains.kotlin.cli.jvm.K2JVMCompiler @C:\Users\MY PC\AndroidStudioProjects\navigation\app\build\20220301_10280317138444898829.compiler.options

Host: Intel(R) Core(TM) i5-1035G1 CPU @ 1.00GHz, 8 cores, 7G,  Windows 10 , 64 bit Build 22000 (10.0.22000.434)
Time: Tue Mar  1 18:02:40 2022 India Standard Time elapsed time: 0.019127 seconds (0d 0h 0m 0s)

---------------  T H R E A D  ---------------

Current thread (0x00000252a5fc3800):  JavaThread "Unknown thread" [_thread_in_vm, id=5092, stack(0x000000749ec00000,0x000000749ed00000)]

Stack: [0x000000749ec00000,0x000000749ed00000]
Native frames: (J=compiled Java code, j=interpreted, Vv=VM code, C=native code)
V  [jvm.dll+0x5f214a]
V  [jvm.dll+0x726fb5]
V  [jvm.dll+0x7285cd]
V  [jvm.dll+0x728c83]
V  [jvm.dll+0x243278]
V  [jvm.dll+0x5ef544]
V  [jvm.dll+0x5e4495]
V  [jvm.dll+0x2fec5b]
V  [jvm.dll+0x2febca]
V  [jvm.dll+0x2feaa2]
V  [jvm.dll+0x303986]
V  [jvm.dll+0x34c3a3]
V  [jvm.dll+0x34caa6]
V  [jvm.dll+0x34c4a3]
V  [jvm.dll+0x2d9688]
V  [jvm.dll+0x2da837]
V  [jvm.dll+0x705ba7]
V  [jvm.dll+0x70739c]
V  [jvm.dll+0x3598f9]
V  [jvm.dll+0x6e931e]
V  [jvm.dll+0x3c1c43]
V  [jvm.dll+0x3c3e81]
C  [jli.dll+0x5373]
C  [ucrtbase.dll+0x26c0c]
C  [KERNEL32.DLL+0x154e0]
C  [ntdll.dll+0x485b]


---------------  P R O C E S S  ---------------

Threads class SMR info:
_java_thread_list=0x00000252a5e841a0, length=0, elements={
}

Java Threads: ( => current thread )

Other Threads:
  0x00000252a5fd6800 GCTaskThread "GC Thread#0" [stack: 0x000000749ed00000,0x000000749ee00000] [id=38508]
  0x00000252a6005000 ConcurrentGCThread "G1 Main Marker" [stack: 0x000000749ee00000,0x000000749ef00000] [id=33384]
  0x00000252a6006800 ConcurrentGCThread "G1 Conc#0" [stack: 0x000000749ef00000,0x000000749f000000] [id=29408]

[error occurred during error reporting (printing all threads), id 0xc0000005, EXCEPTION_ACCESS_VIOLATION (0xc0000005) at pc=0x00007fff65849c47]

VM state:not at safepoint (not fully initialized)

VM Mutex/Monitor currently owned by a thread:  ([mutex/lock_event])
[0x00000252a5fbfa90] Heap_lock - owner thread: 0x00000252a5fc3800

Heap address: 0x0000000084c00000, size: 1972 MB, Compressed Oops mode: Non-zero based: 0x0000000084c00000
Narrow klass base: 0x0000000000000000, Narrow klass shift: 0

GC Heap History (0 events):
No events

Deoptimization events (0 events):
No events

Classes redefined (0 events):
No events

Internal exceptions (0 events):
No events

Events (1 events):
Event: 0.013 Loaded shared library C:\Program Files\Android\Android Studio\jre\bin\zip.dll


Dynamic libraries:
0x00007ff6e33b0000 - 0x00007ff6e33ba000 	C:\Program Files\Android\Android Studio\jre\bin\java.exe
0x00007fffea480000 - 0x00007fffea689000 	C:\WINDOWS\SYSTEM32\ntdll.dll
0x00007fffe9640000 - 0x00007fffe96fd000 	C:\WINDOWS\System32\KERNEL32.DLL
0x00007fffe79e0000 - 0x00007fffe7d54000 	C:\WINDOWS\System32\KERNELBASE.dll
0x00007fffe81d0000 - 0x00007fffe82e1000 	C:\WINDOWS\System32\ucrtbase.dll
0x00007fffd0210000 - 0x00007fffd0227000 	C:\Program Files\Android\Android Studio\jre\bin\VCRUNTIME140.dll
0x00007fffcf710000 - 0x00007fffcf729000 	C:\Program Files\Android\Android Studio\jre\bin\jli.dll
0x00007fffe93e0000 - 0x00007fffe958c000 	C:\WINDOWS\System32\USER32.dll
0x00007fffe82f0000 - 0x00007fffe8316000 	C:\WINDOWS\System32\win32u.dll
0x00007fffe8bf0000 - 0x00007fffe8c19000 	C:\WINDOWS\System32\GDI32.dll
0x00007fffcb530000 - 0x00007fffcb7d5000 	C:\WINDOWS\WinSxS\amd64_microsoft.windows.common-controls_6595b64144ccf1df_6.0.22000.120_none_9d947278b86cc467\COMCTL32.dll
0x00007fffe7f70000 - 0x00007fffe8082000 	C:\WINDOWS\System32\gdi32full.dll
0x00007fffe9700000 - 0x00007fffe97a3000 	C:\WINDOWS\System32\msvcrt.dll
0x00007fffe7ed0000 - 0x00007fffe7f6d000 	C:\WINDOWS\System32\msvcp_win.dll
0x00007fffea400000 - 0x00007fffea431000 	C:\WINDOWS\System32\IMM32.DLL
0x00007fff9b370000 - 0x00007fff9b40d000 	C:\Program Files\Android\Android Studio\jre\bin\msvcp140.dll
0x00007fff65560000 - 0x00007fff66035000 	C:\Program Files\Android\Android Studio\jre\bin\server\jvm.dll
0x00007fffe9590000 - 0x00007fffe963e000 	C:\WINDOWS\System32\ADVAPI32.dll
0x00007fffe9250000 - 0x00007fffe92ee000 	C:\WINDOWS\System32\sechost.dll
0x00007fffe85b0000 - 0x00007fffe86d0000 	C:\WINDOWS\System32\RPCRT4.dll
0x00007fffe8380000 - 0x00007fffe8388000 	C:\WINDOWS\System32\PSAPI.DLL
0x00007fffc5610000 - 0x00007fffc5619000 	C:\WINDOWS\SYSTEM32\WSOCK32.dll
0x00007fffe21d0000 - 0x00007fffe2203000 	C:\WINDOWS\SYSTEM32\WINMM.dll
0x00007fffe9af0000 - 0x00007fffe9b5f000 	C:\WINDOWS\System32\WS2_32.dll
0x00007fffdfb20000 - 0x00007fffdfb2a000 	C:\WINDOWS\SYSTEM32\VERSION.dll
0x00007fffe6a70000 - 0x00007fffe6a88000 	C:\WINDOWS\SYSTEM32\kernel.appcore.dll
0x00007fffcaec0000 - 0x00007fffcaed1000 	C:\Program Files\Android\Android Studio\jre\bin\verify.dll
0x00007fffe5400000 - 0x00007fffe5621000 	C:\WINDOWS\SYSTEM32\DBGHELP.DLL
0x00007fffc9280000 - 0x00007fffc92b1000 	C:\WINDOWS\SYSTEM32\dbgcore.DLL
0x00007fffe8150000 - 0x00007fffe81cf000 	C:\WINDOWS\System32\bcryptPrimitives.dll
0x00007fffcab80000 - 0x00007fffcaba9000 	C:\Program Files\Android\Android Studio\jre\bin\java.dll
0x00007fffd01e0000 - 0x00007fffd01eb000 	C:\Program Files\Android\Android Studio\jre\bin\jimage.dll
0x00007fffca7f0000 - 0x00007fffca808000 	C:\Program Files\Android\Android Studio\jre\bin\zip.dll

dbghelp: loaded successfully - version: 4.0.5 - missing functions: none
symbol engine: initialized successfully - sym options: 0x614 - pdb path: .;C:\Program Files\Android\Android Studio\jre\bin;C:\WINDOWS\SYSTEM32;C:\WINDOWS\WinSxS\amd64_microsoft.windows.common-controls_6595b64144ccf1df_6.0.22000.120_none_9d947278b86cc467;C:\Program Files\Android\Android Studio\jre\bin\server

VM Arguments:
java_command: org.jetbrains.kotlin.cli.jvm.K2JVMCompiler @C:\Users\MY PC\AndroidStudioProjects\navigation\app\build\20220301_10280317138444898829.compiler.options
java_class_path (initial): C:\Users\MY PC\.gradle\caches\modules-2\files-2.1\org.jetbrains.kotlin\kotlin-compiler-embeddable\1.5.30\3362a354066df1578a057c200da23cf2a1d8144f\kotlin-compiler-embeddable-1.5.30.jar;C:\Users\MY PC\.gradle\caches\modules-2\files-2.1\org.jetbrains.kotlin\kotlin-reflect\1.5.30\6773e974437dd6432aa646cc2f8ab71de42b5773\kotlin-reflect-1.5.30.jar;C:\Users\MY PC\.gradle\caches\modules-2\files-2.1\org.jetbrains.kotlin\kotlin-stdlib\1.5.30\d68efdea04955974ac1020f8f66ef8176bfbce1f\kotlin-stdlib-1.5.30.jar;C:\Users\MY PC\.gradle\caches\modules-2\files-2.1\org.jetbrains.kotlin\kotlin-script-runtime\1.5.30\10697ab20bfd2f1b23baa91306950c36c4e89a8d\kotlin-script-runtime-1.5.30.jar;C:\Users\MY PC\.gradle\caches\modules-2\files-2.1\org.jetbrains.kotlin\kotlin-daemon-embeddable\1.5.30\e355dc9011e559a475608265607948109e113ae0\kotlin-daemon-embeddable-1.5.30.jar;C:\Users\MY PC\.gradle\caches\modules-2\files-2.1\org.jetbrains.intellij.deps\trove4j\1.0.20181211\216c2e14b070f334479d800987affe4054cd563f\trove4j-1.0.20181211.jar;C:\Users\MY PC\.gradle\caches\modules-2\files-2.1\org.jetbrains\annotations\13.0\919f0dfe192fb4e063e7dacadee7f8bb9a2672a9\annotations-13.0.jar;C:\Users\MY PC\.gradle\caches\modules-2\files-2.1\org.jetbrains.kotlin\kotlin-stdlib-common\1.5.30\649ffab7767038323fec0cc41e2d7b0a8f65a378\kotlin-stdlib-common-1.5.30.jar
Launcher Type: SUN_STANDARD

[Global flags]
     intx CICompilerCount                          = 4                                         {product} {ergonomic}
     uint ConcGCThreads                            = 2                                         {product} {ergonomic}
     uint G1ConcRefinementThreads                  = 8                                         {product} {ergonomic}
   size_t G1HeapRegionSize                         = 1048576                                   {product} {ergonomic}
    uintx GCDrainStackTargetSize                   = 64                                        {product} {ergonomic}
   size_t InitialHeapSize                          = 130023424                                 {product} {ergonomic}
   size_t MarkStackSize                            = 4194304                                   {product} {ergonomic}
   size_t MaxHeapSize                              = 2067791872                                {product} {ergonomic}
   size_t MinHeapDeltaBytes                        = 1048576                                   {product} {ergonomic}
    uintx NonNMethodCodeHeapSize                   = 5836300                                {pd product} {ergonomic}
    uintx NonProfiledCodeHeapSize                  = 122910970                              {pd product} {ergonomic}
    uintx ProfiledCodeHeapSize                     = 122910970                              {pd product} {ergonomic}
    uintx ReservedCodeCacheSize                    = 251658240                              {pd product} {ergonomic}
     bool SegmentedCodeCache                       = true                                      {product} {ergonomic}
     bool UseCompressedClassPointers               = true                                 {lp64_product} {ergonomic}
     bool UseCompressedOops                        = true                                 {lp64_product} {ergonomic}
     bool UseG1GC                                  = true                                      {product} {ergonomic}
     bool UseLargePagesIndividualAllocation        = false                                  {pd product} {ergonomic}

Logging:
Log output configuration:
 #0: stdout all=warning uptime,level,tags
 #1: stderr all=off uptime,level,tags

Environment Variables:
PATH=C:\Program Files\Common Files\Oracle\Java\javapath;C:\oracle\o19c\WINDOWS.X64_193000_db_home\bin;C:\Program Files (x86)\Common Files\Oracle\Java\javapath;C:\Program Files (x86)\VMware\VMware Workstation\bin\;C:\WINDOWS\system32;C:\WINDOWS;C:\WINDOWS\System32\Wbem;C:\WINDOWS\System32\WindowsPowerShell\v1.0\;C:\WINDOWS\System32\OpenSSH\;C:\Program Files\dotnet\;C:\Program Files\Microsoft SQL Server\130\Tools\Binn\;C:\Program Files\Microsoft SQL Server\Client SDK\ODBC\170\Tools\Binn\;C:\Program Files\Git\cmd;C:\Program Files\nodejs\;C:\Program Files\MySQL\MySQL Shell 8.0\bin\;C:\Users\MY PC\.spyder-py3;C:\Users\MY PC\AppData\Local\Microsoft\WindowsApps;C:\Program Files\MongoDB\Server\4.4\bin\;C:\Users\MY PC\Downloads\mongodb-database-tools-windows-x86_64-100.2.1.zip\mongodb-database-tools-windows-x86_64-100.2.1\bin;C:\Users\MY PC\Downloads\mongodb-database-tools-windows-x86_64-100.2.1\mongodb-database-tools-windows-x86_64-100.2.1\bin;C:\Program Files\Java\jre1.8.0_281\bin;C:\Users\MY PC\Downloads\py-tpcc-master.zip\py-tpcc-master\pytpcc\drivers;C:\Users\MY PC\Downloads\py-tpcc-master.zip\py-tpcc-master;C:\Users\MY PC\anaconda3\Lib\site-packages\mysql_connector_python-8.0.23-py3.8.egg-info;C:\\Users\\MY PC\\anaconda3\\Lib\\site-packages\\cv2\\cv2.cp38-win_amd64.pyd;C:\Users\MY PC\anaconda3\Lib\site-packages\cv2;C:\Program Files\nodejs\node_modules\npm\bin;C:\Program Files\nodejs\node_modules\npm\bin\node-gyp-bin;C:\Program Files\nodejs\node_modules\npm;C:\Users\MY PC\.dotnet\tools;C:\Users\MY PC\AppData\Local\Programs\MiKTeX\miktex\bin\x64\;C:\Users\MY PC\Downloads\bellsoft-jdk8u302+8-windows-amd64\jdk8u302\bin;C:\ProgramData\Microsoft\Windows\Start Menu\Programs\Turbo C++\Turbo C++ 3.2;;C:\Users\MY PC\AppData\Local\Programs\Microsoft VS Code\bin;C:\Users\MY PC\AppData\Roaming\npm
USERNAME=MY PC
OS=Windows_NT
PROCESSOR_IDENTIFIER=Intel64 Family 6 Model 126 Stepping 5, GenuineIntel



---------------  S Y S T E M  ---------------

OS: Windows 10 , 64 bit Build 22000 (10.0.22000.434)
OS uptime: 15 days 20:50 hours

CPU:total 8 (initial active 8) (4 cores per cpu, 2 threads per core) family 6 model 126 stepping 5 microcode 0x96, cmov, cx8, fxsr, mmx, sse, sse2, sse3, ssse3, sse4.1, sse4.2, popcnt, avx, avx2, aes, clmul, erms, 3dnowpref, lzcnt, ht, tsc, tscinvbit, bmi1, bmi2, adx, evex, sha, fma

Memory: 4k page, system-wide physical 7880M (356M free)
TotalPageFile size 32456M (AvailPageFile size 94M)
current process WorkingSet (physical memory assigned to process): 10M, peak: 10M
current process commit charge ("private bytes"): 59M, peak: 183M

vm_info: OpenJDK 64-Bit Server VM (11.0.11+9-b60-7590822) for windows-amd64 JRE (11.0.11+9-b60-7590822), built on Jul 29 2021 21:43:44 by "builder" with MS VC++ 14.0 (VS2015)

END.
