#
# There is insufficient memory for the Java Runtime Environment to continue.
# Native memory allocation (malloc) failed to allocate 588976 bytes for Chunk::new
# Possible reasons:
#   The system is out of physical RAM or swap space
#   The process is running with CompressedOops enabled, and the Java Heap may be blocking the growth of the native heap
# Possible solutions:
#   Reduce memory load on the system
#   Increase physical memory or swap space
#   Check if swap backing store is full
#   Decrease Java heap size (-Xmx/-Xms)
#   Decrease number of Java threads
#   Decrease Java thread stack sizes (-Xss)
#   Set larger code cache with -XX:ReservedCodeCacheSize=
#   JVM is running with Unscaled Compressed Oops mode in which the Java heap is
#     placed in the first 4GB address space. The Java Heap base address is the
#     maximum limit for the native heap growth. Please use -XX:HeapBaseMinAddress
#     to set the Java Heap base and to place the Java Heap above 4GB virtual address.
# This output file may be truncated or incomplete.
#
#  Out of Memory Error (./src/hotspot/share/memory/arena.cpp:197), pid=36988, tid=19152
#
# JRE version: OpenJDK Runtime Environment (11.0.11+9) (build 11.0.11+9-b60-7590822)
# Java VM: OpenJDK 64-Bit Server VM (11.0.11+9-b60-7590822, mixed mode, tiered, compressed oops, g1 gc, windows-amd64)
# No core dump will be written. Minidumps are not enabled by default on client versions of Windows
#

---------------  S U M M A R Y ------------

Command Line: --add-opens=java.base/java.util=ALL-UNNAMED --add-opens=java.base/java.lang=ALL-UNNAMED --add-opens=java.base/java.lang.invoke=ALL-UNNAMED --add-opens=java.base/java.util=ALL-UNNAMED --add-opens=java.prefs/java.util.prefs=ALL-UNNAMED --add-opens=java.prefs/java.util.prefs=ALL-UNNAMED --add-opens=java.base/java.nio.charset=ALL-UNNAMED --add-opens=java.base/java.net=ALL-UNNAMED --add-opens=java.base/java.util.concurrent.atomic=ALL-UNNAMED -Xmx2048m -Dfile.encoding=UTF-8 -Duser.country=IN -Duser.language=en -Duser.variant org.gradle.launcher.daemon.bootstrap.GradleDaemon 7.2

Host: Intel(R) Core(TM) i5-1035G1 CPU @ 1.00GHz, 8 cores, 7G,  Windows 10 , 64 bit Build 22000 (10.0.22000.434)
Time: Tue Mar  1 18:01:34 2022 India Standard Time elapsed time: 44.981328 seconds (0d 0h 0m 44s)

---------------  T H R E A D  ---------------

Current thread (0x00000203f197d800):  JavaThread "C2 CompilerThread0" daemon [_thread_in_native, id=19152, stack(0x000000319d000000,0x000000319d100000)]


Current CompileTask:
C2:  44981 4050       4       jdk.internal.org.objectweb.asm.Frame::execute (2264 bytes)

Stack: [0x000000319d000000,0x000000319d100000]
Native frames: (J=compiled Java code, j=interpreted, Vv=VM code, C=native code)
V  [jvm.dll+0x5f214a]
V  [jvm.dll+0x726fb5]
V  [jvm.dll+0x7285cd]
V  [jvm.dll+0x728c83]
V  [jvm.dll+0x243278]
V  [jvm.dll+0xbc53c]
V  [jvm.dll+0xbca3c]
V  [jvm.dll+0x353e7d]
V  [jvm.dll+0x19875c]
V  [jvm.dll+0x1fc2ee]
V  [jvm.dll+0x1fb3d4]
V  [jvm.dll+0x183d6c]
V  [jvm.dll+0x209a57]
V  [jvm.dll+0x2082a1]
V  [jvm.dll+0x6ef58f]
V  [jvm.dll+0x6e80b5]
V  [jvm.dll+0x5f1036]
C  [ucrtbase.dll+0x26c0c]
C  [KERNEL32.DLL+0x154e0]
C  [ntdll.dll+0x485b]


---------------  P R O C E S S  ---------------

Threads class SMR info:
_java_thread_list=0x00000203f522d170, length=36, elements={
0x00000203d6b3f800, 0x00000203f0fc6800, 0x00000203f0fc8000, 0x00000203f1976800,
0x00000203f1977000, 0x00000203f1978800, 0x00000203f197d800, 0x00000203f0fea800,
0x00000203f1983000, 0x00000203f1ad1800, 0x00000203f41f2000, 0x00000203f3253000,
0x00000203f2eb0800, 0x00000203f4e19000, 0x00000203f2905000, 0x00000203f3bb2800,
0x00000203f3354000, 0x00000203f2cda800, 0x00000203f2cdb000, 0x00000203f0fe8000,
0x00000203f0fec000, 0x00000203f0fe9000, 0x00000203f0fe9800, 0x00000203f0feb800,
0x00000203f0fed000, 0x00000203f0fe7800, 0x00000203f0fee000, 0x00000203f3de1800,
0x00000203f3ddb800, 0x00000203f3de2000, 0x00000203f3ddc800, 0x00000203f3de0800,
0x00000203f3de4000, 0x00000203f3de4800, 0x00000203f3de9000, 0x00000203f3de6800
}

Java Threads: ( => current thread )
  0x00000203d6b3f800 JavaThread "main" [_thread_blocked, id=304, stack(0x000000319c400000,0x000000319c500000)]
  0x00000203f0fc6800 JavaThread "Reference Handler" daemon [_thread_blocked, id=26516, stack(0x000000319cb00000,0x000000319cc00000)]
  0x00000203f0fc8000 JavaThread "Finalizer" daemon [_thread_blocked, id=22024, stack(0x000000319cc00000,0x000000319cd00000)]
  0x00000203f1976800 JavaThread "Signal Dispatcher" daemon [_thread_blocked, id=13084, stack(0x000000319cd00000,0x000000319ce00000)]
  0x00000203f1977000 JavaThread "Attach Listener" daemon [_thread_blocked, id=24648, stack(0x000000319ce00000,0x000000319cf00000)]
  0x00000203f1978800 JavaThread "Service Thread" daemon [_thread_blocked, id=14452, stack(0x000000319cf00000,0x000000319d000000)]
=>0x00000203f197d800 JavaThread "C2 CompilerThread0" daemon [_thread_in_native, id=19152, stack(0x000000319d000000,0x000000319d100000)]
  0x00000203f0fea800 JavaThread "C1 CompilerThread0" daemon [_thread_blocked, id=28548, stack(0x000000319d100000,0x000000319d200000)]
  0x00000203f1983000 JavaThread "Sweeper thread" daemon [_thread_blocked, id=28324, stack(0x000000319d200000,0x000000319d300000)]
  0x00000203f1ad1800 JavaThread "Common-Cleaner" daemon [_thread_blocked, id=14440, stack(0x000000319d300000,0x000000319d400000)]
  0x00000203f41f2000 JavaThread "Daemon health stats" [_thread_blocked, id=26356, stack(0x000000319d700000,0x000000319d800000)]
  0x00000203f3253000 JavaThread "Incoming local TCP Connector on port 60305" [_thread_in_native, id=32740, stack(0x000000319d500000,0x000000319d600000)]
  0x00000203f2eb0800 JavaThread "Daemon periodic checks" [_thread_blocked, id=10024, stack(0x000000319d800000,0x000000319d900000)]
  0x00000203f4e19000 JavaThread "Daemon" [_thread_blocked, id=23984, stack(0x000000319d900000,0x000000319da00000)]
  0x00000203f2905000 JavaThread "Handler for socket connection from /127.0.0.1:60305 to /127.0.0.1:60306" [_thread_in_native, id=4804, stack(0x000000319da00000,0x000000319db00000)]
  0x00000203f3bb2800 JavaThread "Cancel handler" [_thread_blocked, id=30300, stack(0x000000319db00000,0x000000319dc00000)]
  0x00000203f3354000 JavaThread "Daemon worker" [_thread_in_native, id=19676, stack(0x000000319dc00000,0x000000319dd00000)]
  0x00000203f2cda800 JavaThread "Asynchronous log dispatcher for DefaultDaemonConnection: socket connection from /127.0.0.1:60305 to /127.0.0.1:60306" [_thread_blocked, id=16492, stack(0x000000319dd00000,0x000000319de00000)]
  0x00000203f2cdb000 JavaThread "Stdin handler" [_thread_blocked, id=32836, stack(0x000000319de00000,0x000000319df00000)]
  0x00000203f0fe8000 JavaThread "Daemon client event forwarder" [_thread_blocked, id=8404, stack(0x000000319df00000,0x000000319e000000)]
  0x00000203f0fec000 JavaThread "Cache worker for journal cache (C:\Users\MY PC\.gradle\caches\journal-1)" [_thread_blocked, id=40120, stack(0x000000319e600000,0x000000319e700000)]
  0x00000203f0fe9000 JavaThread "File lock request listener" [_thread_in_native, id=39772, stack(0x000000319e700000,0x000000319e800000)]
  0x00000203f0fe9800 JavaThread "Cache worker for file hash cache (C:\Users\MY PC\.gradle\caches\7.2\fileHashes)" [_thread_blocked, id=15312, stack(0x000000319e800000,0x000000319e900000)]
  0x00000203f0feb800 JavaThread "Cache worker for file hash cache (C:\Users\MY PC\AndroidStudioProjects\navigation\.gradle\7.2\fileHashes)" [_thread_blocked, id=12644, stack(0x000000319ea00000,0x000000319eb00000)]
  0x00000203f0fed000 JavaThread "File watcher server" daemon [_thread_in_native, id=39472, stack(0x000000319eb00000,0x000000319ec00000)]
  0x00000203f0fe7800 JavaThread "File watcher consumer" daemon [_thread_blocked, id=24224, stack(0x000000319ec00000,0x000000319ed00000)]
  0x00000203f0fee000 JavaThread "Cache worker for checksums cache (C:\Users\MY PC\AndroidStudioProjects\navigation\.gradle\checksums)" [_thread_blocked, id=38932, stack(0x000000319ed00000,0x000000319ee00000)]
  0x00000203f3de1800 JavaThread "Cache worker for cache directory md-supplier (C:\Users\MY PC\.gradle\caches\7.2\md-supplier)" [_thread_blocked, id=29440, stack(0x000000319ee00000,0x000000319ef00000)]
  0x00000203f3ddb800 JavaThread "Cache worker for cache directory md-rule (C:\Users\MY PC\.gradle\caches\7.2\md-rule)" [_thread_blocked, id=2800, stack(0x000000319ef00000,0x000000319f000000)]
  0x00000203f3de2000 JavaThread "Cache worker for execution history cache (C:\Users\MY PC\.gradle\caches\7.2\executionHistory)" [_thread_blocked, id=33072, stack(0x000000319f000000,0x000000319f100000)]
  0x00000203f3ddc800 JavaThread "jar transforms" [_thread_blocked, id=4252, stack(0x000000319f100000,0x000000319f200000)]
  0x00000203f3de0800 JavaThread "Cache worker for file content cache (C:\Users\MY PC\.gradle\caches\7.2\fileContent)" [_thread_blocked, id=23732, stack(0x000000319f200000,0x000000319f300000)]
  0x00000203f3de4000 JavaThread "jar transforms Thread 2" [_thread_blocked, id=30760, stack(0x000000319f300000,0x000000319f400000)]
  0x00000203f3de4800 JavaThread "Cache worker for dependencies-accessors (C:\Users\MY PC\AndroidStudioProjects\navigation\.gradle\7.2\dependencies-accessors)" [_thread_blocked, id=10728, stack(0x000000319f400000,0x000000319f500000)]
  0x00000203f3de9000 JavaThread "jar transforms Thread 3" [_thread_blocked, id=28360, stack(0x000000319f500000,0x000000319f600000)]
  0x00000203f3de6800 JavaThread "Cache worker for Build Output Cleanup Cache (C:\Users\MY PC\AndroidStudioProjects\navigation\.gradle\buildOutputCleanup)" [_thread_blocked, id=22420, stack(0x000000319f600000,0x000000319f700000)]

Other Threads:
  0x00000203f0fc2000 VMThread "VM Thread" [stack: 0x000000319ca00000,0x000000319cb00000] [id=37044]
  0x00000203f1b09000 WatcherThread [stack: 0x000000319d400000,0x000000319d500000] [id=13944]
  0x00000203d6b59800 GCTaskThread "GC Thread#0" [stack: 0x000000319c500000,0x000000319c600000] [id=10636]
  0x00000203f25ff800 GCTaskThread "GC Thread#1" [stack: 0x000000319d600000,0x000000319d700000] [id=15372]
  0x00000203f2d8a800 GCTaskThread "GC Thread#2" [stack: 0x000000319e000000,0x000000319e100000] [id=568]
  0x00000203f3031000 GCTaskThread "GC Thread#3" [stack: 0x000000319e100000,0x000000319e200000] [id=26832]
  0x00000203f1f3f000 GCTaskThread "GC Thread#4" [stack: 0x000000319e200000,0x000000319e300000] [id=22836]
  0x00000203f3c24800 GCTaskThread "GC Thread#5" [stack: 0x000000319e300000,0x000000319e400000] [id=13352]
  0x00000203f3a86000 GCTaskThread "GC Thread#6" [stack: 0x000000319e400000,0x000000319e500000] [id=38672]
  0x00000203f2bd6800 GCTaskThread "GC Thread#7" [stack: 0x000000319e500000,0x000000319e600000] [id=37908]
  0x00000203d6b8d000 ConcurrentGCThread "G1 Main Marker" [stack: 0x000000319c600000,0x000000319c700000] [id=31780]
  0x00000203d6b8e000 ConcurrentGCThread "G1 Conc#0" [stack: 0x000000319c700000,0x000000319c800000] [id=25956]
  0x00000203f1bda800 ConcurrentGCThread "G1 Conc#1" [stack: 0x000000319e900000,0x000000319ea00000] [id=30540]
  0x00000203f0e10800 ConcurrentGCThread "G1 Refine#0" [stack: 0x000000319c800000,0x000000319c900000] [id=13952]
  0x00000203f0e11800 ConcurrentGCThread "G1 Young RemSet Sampling" [stack: 0x000000319c900000,0x000000319ca00000] [id=27984]

Threads with active compile tasks:
C2 CompilerThread0  45339 4050       4       jdk.internal.org.objectweb.asm.Frame::execute (2264 bytes)

VM state:not at safepoint (normal execution)

VM Mutex/Monitor currently owned by a thread: None

Heap address: 0x0000000080000000, size: 2048 MB, Compressed Oops mode: 32-bit
Narrow klass base: 0x0000000000000000, Narrow klass shift: 3
Compressed class space size: 1073741824 Address: 0x0000000100000000

Heap:
 garbage-first heap   total 126976K, used 40891K [0x0000000080000000, 0x0000000100000000)
  region size 1024K, 15 young (15360K), 3 survivors (3072K)
 Metaspace       used 46864K, capacity 47998K, committed 48124K, reserved 1091584K
  class space    used 6024K, capacity 6467K, committed 6528K, reserved 1048576K
Heap Regions: E=young(eden), S=young(survivor), O=old, HS=humongous(starts), HC=humongous(continues), CS=collection set, F=free, A=archive, TAMS=top-at-mark-start (previous, next)
|   0|0x0000000080000000, 0x0000000080100000, 0x0000000080100000|100%| O|  |TAMS 0x0000000080100000, 0x0000000080000000| Untracked 
|   1|0x0000000080100000, 0x0000000080200000, 0x0000000080200000|100%| O|  |TAMS 0x0000000080200000, 0x0000000080100000| Untracked 
|   2|0x0000000080200000, 0x0000000080300000, 0x0000000080300000|100%| O|  |TAMS 0x0000000080300000, 0x0000000080200000| Untracked 
|   3|0x0000000080300000, 0x0000000080400000, 0x0000000080400000|100%|HS|  |TAMS 0x0000000080400000, 0x0000000080300000| Complete 
|   4|0x0000000080400000, 0x0000000080500000, 0x0000000080500000|100%|HC|  |TAMS 0x0000000080500000, 0x0000000080400000| Complete 
|   5|0x0000000080500000, 0x0000000080600000, 0x0000000080600000|100%|HC|  |TAMS 0x0000000080600000, 0x0000000080500000| Complete 
|   6|0x0000000080600000, 0x0000000080700000, 0x0000000080700000|100%| O|  |TAMS 0x0000000080700000, 0x0000000080600000| Untracked 
|   7|0x0000000080700000, 0x0000000080800000, 0x0000000080800000|100%| O|  |TAMS 0x0000000080800000, 0x0000000080700000| Untracked 
|   8|0x0000000080800000, 0x0000000080900000, 0x0000000080900000|100%| O|  |TAMS 0x0000000080900000, 0x0000000080800000| Untracked 
|   9|0x0000000080900000, 0x0000000080a00000, 0x0000000080a00000|100%| O|  |TAMS 0x0000000080a00000, 0x0000000080900000| Untracked 
|  10|0x0000000080a00000, 0x0000000080b00000, 0x0000000080b00000|100%| O|  |TAMS 0x0000000080b00000, 0x0000000080a00000| Untracked 
|  11|0x0000000080b00000, 0x0000000080c00000, 0x0000000080c00000|100%| O|  |TAMS 0x0000000080c00000, 0x0000000080b00000| Untracked 
|  12|0x0000000080c00000, 0x0000000080d00000, 0x0000000080d00000|100%| O|  |TAMS 0x0000000080d00000, 0x0000000080c00000| Untracked 
|  13|0x0000000080d00000, 0x0000000080e00000, 0x0000000080e00000|100%| O|  |TAMS 0x0000000080e00000, 0x0000000080d00000| Untracked 
|  14|0x0000000080e00000, 0x0000000080f00000, 0x0000000080f00000|100%| O|  |TAMS 0x0000000080f00000, 0x0000000080e00000| Untracked 
|  15|0x0000000080f00000, 0x0000000081000000, 0x0000000081000000|100%| O|  |TAMS 0x0000000080f65800, 0x0000000080f00000| Untracked 
|  16|0x0000000081000000, 0x0000000081000000, 0x0000000081100000|  0%| F|  |TAMS 0x0000000081000000, 0x0000000081000000| Untracked 
|  17|0x0000000081100000, 0x0000000081200000, 0x0000000081200000|100%| O|  |TAMS 0x0000000081100000, 0x0000000081100000| Untracked 
|  18|0x0000000081200000, 0x0000000081300000, 0x0000000081300000|100%| O|  |TAMS 0x0000000081200000, 0x0000000081200000| Untracked 
|  19|0x0000000081300000, 0x0000000081400000, 0x0000000081400000|100%| O|  |TAMS 0x0000000081300000, 0x0000000081300000| Untracked 
|  20|0x0000000081400000, 0x0000000081500000, 0x0000000081500000|100%| O|  |TAMS 0x0000000081400000, 0x0000000081400000| Untracked 
|  21|0x0000000081500000, 0x0000000081600000, 0x0000000081600000|100%| O|  |TAMS 0x0000000081500000, 0x0000000081500000| Untracked 
|  22|0x0000000081600000, 0x0000000081700000, 0x0000000081700000|100%| O|  |TAMS 0x0000000081600000, 0x0000000081600000| Untracked 
|  23|0x0000000081700000, 0x0000000081800000, 0x0000000081800000|100%| O|  |TAMS 0x0000000081700000, 0x0000000081700000| Untracked 
|  24|0x0000000081800000, 0x0000000081900000, 0x0000000081900000|100%| O|  |TAMS 0x0000000081800000, 0x0000000081800000| Untracked 
|  25|0x0000000081900000, 0x0000000081a00000, 0x0000000081a00000|100%| O|  |TAMS 0x0000000081900000, 0x0000000081900000| Untracked 
|  26|0x0000000081a00000, 0x0000000081b00000, 0x0000000081b00000|100%| O|  |TAMS 0x0000000081a00000, 0x0000000081a00000| Untracked 
|  27|0x0000000081b00000, 0x0000000081b3a400, 0x0000000081c00000| 22%| O|  |TAMS 0x0000000081b00000, 0x0000000081b00000| Untracked 
|  28|0x0000000081c00000, 0x0000000081c00000, 0x0000000081d00000|  0%| F|  |TAMS 0x0000000081c00000, 0x0000000081c00000| Untracked 
|  29|0x0000000081d00000, 0x0000000081d00000, 0x0000000081e00000|  0%| F|  |TAMS 0x0000000081d00000, 0x0000000081d00000| Untracked 
|  30|0x0000000081e00000, 0x0000000081e00000, 0x0000000081f00000|  0%| F|  |TAMS 0x0000000081e00000, 0x0000000081e00000| Untracked 
|  31|0x0000000081f00000, 0x0000000081f00000, 0x0000000082000000|  0%| F|  |TAMS 0x0000000081f00000, 0x0000000081f00000| Untracked 
|  32|0x0000000082000000, 0x0000000082000000, 0x0000000082100000|  0%| F|  |TAMS 0x0000000082000000, 0x0000000082000000| Untracked 
|  33|0x0000000082100000, 0x0000000082100000, 0x0000000082200000|  0%| F|  |TAMS 0x0000000082100000, 0x0000000082100000| Untracked 
|  34|0x0000000082200000, 0x0000000082200000, 0x0000000082300000|  0%| F|  |TAMS 0x0000000082200000, 0x0000000082200000| Untracked 
|  35|0x0000000082300000, 0x0000000082300000, 0x0000000082400000|  0%| F|  |TAMS 0x0000000082300000, 0x0000000082300000| Untracked 
|  36|0x0000000082400000, 0x0000000082400000, 0x0000000082500000|  0%| F|  |TAMS 0x0000000082400000, 0x0000000082400000| Untracked 
|  37|0x0000000082500000, 0x0000000082500000, 0x0000000082600000|  0%| F|  |TAMS 0x0000000082500000, 0x0000000082500000| Untracked 
|  38|0x0000000082600000, 0x0000000082600000, 0x0000000082700000|  0%| F|  |TAMS 0x0000000082600000, 0x0000000082600000| Untracked 
|  39|0x0000000082700000, 0x0000000082700000, 0x0000000082800000|  0%| F|  |TAMS 0x0000000082700000, 0x0000000082700000| Untracked 
|  40|0x0000000082800000, 0x0000000082800000, 0x0000000082900000|  0%| F|  |TAMS 0x0000000082800000, 0x0000000082800000| Untracked 
|  41|0x0000000082900000, 0x0000000082900000, 0x0000000082a00000|  0%| F|  |TAMS 0x0000000082900000, 0x0000000082900000| Untracked 
|  42|0x0000000082a00000, 0x0000000082a00000, 0x0000000082b00000|  0%| F|  |TAMS 0x0000000082a00000, 0x0000000082a00000| Untracked 
|  43|0x0000000082b00000, 0x0000000082b00000, 0x0000000082c00000|  0%| F|  |TAMS 0x0000000082b00000, 0x0000000082b00000| Untracked 
|  44|0x0000000082c00000, 0x0000000082c00000, 0x0000000082d00000|  0%| F|  |TAMS 0x0000000082c00000, 0x0000000082c00000| Untracked 
|  45|0x0000000082d00000, 0x0000000082d00000, 0x0000000082e00000|  0%| F|  |TAMS 0x0000000082d00000, 0x0000000082d00000| Untracked 
|  46|0x0000000082e00000, 0x0000000082e00000, 0x0000000082f00000|  0%| F|  |TAMS 0x0000000082e00000, 0x0000000082e00000| Untracked 
|  47|0x0000000082f00000, 0x0000000082f00000, 0x0000000083000000|  0%| F|  |TAMS 0x0000000082f00000, 0x0000000082f00000| Untracked 
|  48|0x0000000083000000, 0x0000000083000000, 0x0000000083100000|  0%| F|  |TAMS 0x0000000083000000, 0x0000000083000000| Untracked 
|  49|0x0000000083100000, 0x0000000083100000, 0x0000000083200000|  0%| F|  |TAMS 0x0000000083100000, 0x0000000083100000| Untracked 
|  50|0x0000000083200000, 0x0000000083200000, 0x0000000083300000|  0%| F|  |TAMS 0x0000000083200000, 0x0000000083200000| Untracked 
|  51|0x0000000083300000, 0x0000000083300000, 0x0000000083400000|  0%| F|  |TAMS 0x0000000083300000, 0x0000000083300000| Untracked 
|  52|0x0000000083400000, 0x0000000083400000, 0x0000000083500000|  0%| F|  |TAMS 0x0000000083400000, 0x0000000083400000| Untracked 
|  53|0x0000000083500000, 0x0000000083500000, 0x0000000083600000|  0%| F|  |TAMS 0x0000000083500000, 0x0000000083500000| Untracked 
|  54|0x0000000083600000, 0x0000000083600000, 0x0000000083700000|  0%| F|  |TAMS 0x0000000083600000, 0x0000000083600000| Untracked 
|  55|0x0000000083700000, 0x0000000083700000, 0x0000000083800000|  0%| F|  |TAMS 0x0000000083700000, 0x0000000083700000| Untracked 
|  56|0x0000000083800000, 0x0000000083800000, 0x0000000083900000|  0%| F|  |TAMS 0x0000000083800000, 0x0000000083800000| Untracked 
|  57|0x0000000083900000, 0x0000000083900000, 0x0000000083a00000|  0%| F|  |TAMS 0x0000000083900000, 0x0000000083900000| Untracked 
|  58|0x0000000083a00000, 0x0000000083ab4b80, 0x0000000083b00000| 70%| S|CS|TAMS 0x0000000083a00000, 0x0000000083a00000| Complete 
|  59|0x0000000083b00000, 0x0000000083c00000, 0x0000000083c00000|100%| S|CS|TAMS 0x0000000083b00000, 0x0000000083b00000| Complete 
|  60|0x0000000083c00000, 0x0000000083d00000, 0x0000000083d00000|100%| S|CS|TAMS 0x0000000083c00000, 0x0000000083c00000| Complete 
|  61|0x0000000083d00000, 0x0000000083d00000, 0x0000000083e00000|  0%| F|  |TAMS 0x0000000083d00000, 0x0000000083d00000| Untracked 
|  62|0x0000000083e00000, 0x0000000083e00000, 0x0000000083f00000|  0%| F|  |TAMS 0x0000000083e00000, 0x0000000083e00000| Untracked 
|  63|0x0000000083f00000, 0x0000000083f00000, 0x0000000084000000|  0%| F|  |TAMS 0x0000000083f00000, 0x0000000083f00000| Untracked 
|  64|0x0000000084000000, 0x0000000084000000, 0x0000000084100000|  0%| F|  |TAMS 0x0000000084000000, 0x0000000084000000| Untracked 
|  65|0x0000000084100000, 0x0000000084100000, 0x0000000084200000|  0%| F|  |TAMS 0x0000000084100000, 0x0000000084100000| Untracked 
|  66|0x0000000084200000, 0x0000000084200000, 0x0000000084300000|  0%| F|  |TAMS 0x0000000084200000, 0x0000000084200000| Untracked 
|  67|0x0000000084300000, 0x0000000084300000, 0x0000000084400000|  0%| F|  |TAMS 0x0000000084300000, 0x0000000084300000| Untracked 
|  68|0x0000000084400000, 0x0000000084400000, 0x0000000084500000|  0%| F|  |TAMS 0x0000000084400000, 0x0000000084400000| Untracked 
|  69|0x0000000084500000, 0x0000000084500000, 0x0000000084600000|  0%| F|  |TAMS 0x0000000084500000, 0x0000000084500000| Untracked 
|  70|0x0000000084600000, 0x0000000084600000, 0x0000000084700000|  0%| F|  |TAMS 0x0000000084600000, 0x0000000084600000| Untracked 
|  71|0x0000000084700000, 0x0000000084700000, 0x0000000084800000|  0%| F|  |TAMS 0x0000000084700000, 0x0000000084700000| Untracked 
|  72|0x0000000084800000, 0x0000000084800000, 0x0000000084900000|  0%| F|  |TAMS 0x0000000084800000, 0x0000000084800000| Untracked 
|  73|0x0000000084900000, 0x0000000084900000, 0x0000000084a00000|  0%| F|  |TAMS 0x0000000084900000, 0x0000000084900000| Untracked 
|  74|0x0000000084a00000, 0x0000000084a00000, 0x0000000084b00000|  0%| F|  |TAMS 0x0000000084a00000, 0x0000000084a00000| Untracked 
|  75|0x0000000084b00000, 0x0000000084b00000, 0x0000000084c00000|  0%| F|  |TAMS 0x0000000084b00000, 0x0000000084b00000| Untracked 
|  76|0x0000000084c00000, 0x0000000084c00000, 0x0000000084d00000|  0%| F|  |TAMS 0x0000000084c00000, 0x0000000084c00000| Untracked 
|  77|0x0000000084d00000, 0x0000000084d00000, 0x0000000084e00000|  0%| F|  |TAMS 0x0000000084d00000, 0x0000000084d00000| Untracked 
|  78|0x0000000084e00000, 0x0000000084e00000, 0x0000000084f00000|  0%| F|  |TAMS 0x0000000084e00000, 0x0000000084e00000| Untracked 
|  79|0x0000000084f00000, 0x0000000084f00000, 0x0000000085000000|  0%| F|  |TAMS 0x0000000084f00000, 0x0000000084f00000| Untracked 
|  80|0x0000000085000000, 0x0000000085000000, 0x0000000085100000|  0%| F|  |TAMS 0x0000000085000000, 0x0000000085000000| Untracked 
|  81|0x0000000085100000, 0x0000000085100000, 0x0000000085200000|  0%| F|  |TAMS 0x0000000085100000, 0x0000000085100000| Untracked 
|  82|0x0000000085200000, 0x0000000085200000, 0x0000000085300000|  0%| F|  |TAMS 0x0000000085200000, 0x0000000085200000| Untracked 
|  83|0x0000000085300000, 0x0000000085300000, 0x0000000085400000|  0%| F|  |TAMS 0x0000000085300000, 0x0000000085300000| Untracked 
|  84|0x0000000085400000, 0x0000000085400000, 0x0000000085500000|  0%| F|  |TAMS 0x0000000085400000, 0x0000000085400000| Untracked 
|  85|0x0000000085500000, 0x0000000085500000, 0x0000000085600000|  0%| F|  |TAMS 0x0000000085500000, 0x0000000085500000| Untracked 
|  86|0x0000000085600000, 0x0000000085600000, 0x0000000085700000|  0%| F|  |TAMS 0x0000000085600000, 0x0000000085600000| Untracked 
|  87|0x0000000085700000, 0x0000000085700000, 0x0000000085800000|  0%| F|  |TAMS 0x0000000085700000, 0x0000000085700000| Untracked 
|  88|0x0000000085800000, 0x0000000085800000, 0x0000000085900000|  0%| F|  |TAMS 0x0000000085800000, 0x0000000085800000| Untracked 
|  89|0x0000000085900000, 0x0000000085900000, 0x0000000085a00000|  0%| F|  |TAMS 0x0000000085900000, 0x0000000085900000| Untracked 
|  90|0x0000000085a00000, 0x0000000085a00000, 0x0000000085b00000|  0%| F|  |TAMS 0x0000000085a00000, 0x0000000085a00000| Untracked 
|  91|0x0000000085b00000, 0x0000000085b00000, 0x0000000085c00000|  0%| F|  |TAMS 0x0000000085b00000, 0x0000000085b00000| Untracked 
|  92|0x0000000085c00000, 0x0000000085c00000, 0x0000000085d00000|  0%| F|  |TAMS 0x0000000085c00000, 0x0000000085c00000| Untracked 
|  93|0x0000000085d00000, 0x0000000085d00000, 0x0000000085e00000|  0%| F|  |TAMS 0x0000000085d00000, 0x0000000085d00000| Untracked 
|  94|0x0000000085e00000, 0x0000000085e00000, 0x0000000085f00000|  0%| F|  |TAMS 0x0000000085e00000, 0x0000000085e00000| Untracked 
|  95|0x0000000085f00000, 0x0000000085f00000, 0x0000000086000000|  0%| F|  |TAMS 0x0000000085f00000, 0x0000000085f00000| Untracked 
|  96|0x0000000086000000, 0x0000000086000000, 0x0000000086100000|  0%| F|  |TAMS 0x0000000086000000, 0x0000000086000000| Untracked 
|  97|0x0000000086100000, 0x0000000086100000, 0x0000000086200000|  0%| F|  |TAMS 0x0000000086100000, 0x0000000086100000| Untracked 
|  98|0x0000000086200000, 0x0000000086200000, 0x0000000086300000|  0%| F|  |TAMS 0x0000000086200000, 0x0000000086200000| Untracked 
|  99|0x0000000086300000, 0x0000000086300000, 0x0000000086400000|  0%| F|  |TAMS 0x0000000086300000, 0x0000000086300000| Untracked 
| 100|0x0000000086400000, 0x0000000086400000, 0x0000000086500000|  0%| F|  |TAMS 0x0000000086400000, 0x0000000086400000| Untracked 
| 101|0x0000000086500000, 0x0000000086500000, 0x0000000086600000|  0%| F|  |TAMS 0x0000000086500000, 0x0000000086500000| Untracked 
| 102|0x0000000086600000, 0x0000000086600000, 0x0000000086700000|  0%| F|  |TAMS 0x0000000086600000, 0x0000000086600000| Untracked 
| 103|0x0000000086700000, 0x0000000086700000, 0x0000000086800000|  0%| F|  |TAMS 0x0000000086700000, 0x0000000086700000| Untracked 
| 104|0x0000000086800000, 0x0000000086800000, 0x0000000086900000|  0%| F|  |TAMS 0x0000000086800000, 0x0000000086800000| Untracked 
| 105|0x0000000086900000, 0x0000000086900000, 0x0000000086a00000|  0%| F|  |TAMS 0x0000000086900000, 0x0000000086900000| Untracked 
| 106|0x0000000086a00000, 0x0000000086a00000, 0x0000000086b00000|  0%| F|  |TAMS 0x0000000086a00000, 0x0000000086a00000| Untracked 
| 107|0x0000000086b00000, 0x0000000086b00000, 0x0000000086c00000|  0%| F|  |TAMS 0x0000000086b00000, 0x0000000086b00000| Untracked 
| 108|0x0000000086c00000, 0x0000000086c00000, 0x0000000086d00000|  0%| F|  |TAMS 0x0000000086c00000, 0x0000000086c00000| Untracked 
| 109|0x0000000086d00000, 0x0000000086d00000, 0x0000000086e00000|  0%| F|  |TAMS 0x0000000086d00000, 0x0000000086d00000| Untracked 
| 110|0x0000000086e00000, 0x0000000086e00000, 0x0000000086f00000|  0%| F|  |TAMS 0x0000000086e00000, 0x0000000086e00000| Untracked 
| 111|0x0000000086f00000, 0x0000000086f00000, 0x0000000087000000|  0%| F|  |TAMS 0x0000000086f00000, 0x0000000086f00000| Untracked 
| 112|0x0000000087000000, 0x0000000087081010, 0x0000000087100000| 50%| E|  |TAMS 0x0000000087000000, 0x0000000087000000| Complete 
| 113|0x0000000087100000, 0x0000000087200000, 0x0000000087200000|100%| E|CS|TAMS 0x0000000087100000, 0x0000000087100000| Complete 
| 114|0x0000000087200000, 0x0000000087300000, 0x0000000087300000|100%| E|CS|TAMS 0x0000000087200000, 0x0000000087200000| Complete 
| 115|0x0000000087300000, 0x0000000087400000, 0x0000000087400000|100%| E|CS|TAMS 0x0000000087300000, 0x0000000087300000| Complete 
| 116|0x0000000087400000, 0x0000000087500000, 0x0000000087500000|100%| E|CS|TAMS 0x0000000087400000, 0x0000000087400000| Complete 
| 117|0x0000000087500000, 0x0000000087600000, 0x0000000087600000|100%| E|CS|TAMS 0x0000000087500000, 0x0000000087500000| Complete 
| 118|0x0000000087600000, 0x0000000087700000, 0x0000000087700000|100%| E|CS|TAMS 0x0000000087600000, 0x0000000087600000| Complete 
| 119|0x0000000087700000, 0x0000000087800000, 0x0000000087800000|100%| E|CS|TAMS 0x0000000087700000, 0x0000000087700000| Complete 
| 120|0x0000000087800000, 0x0000000087900000, 0x0000000087900000|100%| E|CS|TAMS 0x0000000087800000, 0x0000000087800000| Complete 
| 121|0x0000000087900000, 0x0000000087a00000, 0x0000000087a00000|100%| E|CS|TAMS 0x0000000087900000, 0x0000000087900000| Complete 
| 122|0x0000000087a00000, 0x0000000087b00000, 0x0000000087b00000|100%| E|CS|TAMS 0x0000000087a00000, 0x0000000087a00000| Complete 
| 123|0x0000000087b00000, 0x0000000087c00000, 0x0000000087c00000|100%| E|CS|TAMS 0x0000000087b00000, 0x0000000087b00000| Complete 

Card table byte_map: [0x00000203e9d70000,0x00000203ea170000] _byte_map_base: 0x00000203e9970000

Marking Bits (Prev, Next): (CMBitMap*) 0x00000203d6b84238, (CMBitMap*) 0x00000203d6b84270
 Prev Bits: [0x00000203ea570000, 0x00000203ec570000)
 Next Bits: [0x00000203ec570000, 0x00000203ee570000)

Polling page: 0x00000203d6320000

Metaspace:

Usage:
  Non-class:     40.56 MB capacity,    39.88 MB ( 98%) used,   573.21 KB (  1%) free+waste,   117.31 KB ( <1%) overhead. 
      Class:      6.32 MB capacity,     5.88 MB ( 93%) used,   386.33 KB (  6%) free+waste,    56.38 KB ( <1%) overhead. 
       Both:     46.87 MB capacity,    45.77 MB ( 98%) used,   959.54 KB (  2%) free+waste,   173.69 KB ( <1%) overhead. 

Virtual space:
  Non-class space:       42.00 MB reserved,      40.62 MB ( 97%) committed 
      Class space:        1.00 GB reserved,       6.38 MB ( <1%) committed 
             Both:        1.04 GB reserved,      47.00 MB (  4%) committed 

Chunk freelists:
   Non-Class:  1.00 KB
       Class:  29.00 KB
        Both:  30.00 KB

MaxMetaspaceSize: 17179869184.00 GB
CompressedClassSpaceSize: 1.00 GB

CodeHeap 'non-profiled nmethods': size=120000Kb used=2372Kb max_used=2372Kb free=117627Kb
 bounds [0x00000203e2110000, 0x00000203e2380000, 0x00000203e9640000]
CodeHeap 'profiled nmethods': size=120000Kb used=8888Kb max_used=8888Kb free=111111Kb
 bounds [0x00000203dabe0000, 0x00000203db490000, 0x00000203e2110000]
CodeHeap 'non-nmethods': size=5760Kb used=2227Kb max_used=2258Kb free=3532Kb
 bounds [0x00000203da640000, 0x00000203da8b0000, 0x00000203dabe0000]
 total_blobs=4937 nmethods=4152 adapters=696
 compilation: enabled
              stopped_count=0, restarted_count=0
 full_count=0

Compilation events (20 events):
Event: 44.923 Thread 0x00000203f0fea800 4099       3       org.gradle.util.internal.SimpleMapInterner::intern (40 bytes)
Event: 44.923 Thread 0x00000203f0fea800 nmethod 4099 0x00000203db47a110 code [0x00000203db47a300, 0x00000203db47a738]
Event: 44.923 Thread 0x00000203f0fea800 4100       3       org.gradle.api.internal.artifacts.ivyservice.modulecache.StringDeduplicatingDecoder::readString (22 bytes)
Event: 44.923 Thread 0x00000203f0fea800 nmethod 4100 0x00000203db47a890 code [0x00000203db47aa60, 0x00000203db47add8]
Event: 44.923 Thread 0x00000203f0fea800 4102       3       java.util.stream.Collectors$CollectorImpl::<init> (13 bytes)
Event: 44.923 Thread 0x00000203f0fea800 nmethod 4102 0x00000203db47af10 code [0x00000203db47b100, 0x00000203db47b638]
Event: 44.923 Thread 0x00000203f0fea800 4103       3       java.util.stream.Collectors::castingIdentity (6 bytes)
Event: 44.923 Thread 0x00000203f0fea800 nmethod 4103 0x00000203db47b810 code [0x00000203db47b9e0, 0x00000203db47bc18]
Event: 44.924 Thread 0x00000203f0fea800 4101   !   3       org.gradle.internal.serialize.kryo.KryoBackedDecoder::readSmallInt (16 bytes)
Event: 44.924 Thread 0x00000203f0fea800 nmethod 4101 0x00000203db47bd10 code [0x00000203db47bf40, 0x00000203db47c568]
Event: 44.933 Thread 0x00000203f0fea800 4104       3       com.google.common.collect.RegularImmutableList::listIterator (15 bytes)
Event: 44.933 Thread 0x00000203f0fea800 nmethod 4104 0x00000203db47c810 code [0x00000203db47c9c0, 0x00000203db47cb08]
Event: 44.936 Thread 0x00000203f0fea800 4105       3       com.google.common.collect.ImmutableList::copyOf (44 bytes)
Event: 44.937 Thread 0x00000203f0fea800 nmethod 4105 0x00000203db47cc10 code [0x00000203db47ce80, 0x00000203db47d808]
Event: 44.937 Thread 0x00000203f0fea800 4106       3       org.gradle.api.internal.attributes.DefaultImmutableAttributes::asImmutable (2 bytes)
Event: 44.937 Thread 0x00000203f0fea800 nmethod 4106 0x00000203db47db10 code [0x00000203db47dcc0, 0x00000203db47ddb8]
Event: 44.937 Thread 0x00000203f0fea800 4107       1       com.google.common.cache.LocalCache$2::offer (2 bytes)
Event: 44.937 Thread 0x00000203f0fea800 nmethod 4107 0x00000203e235c190 code [0x00000203e235c340, 0x00000203e235c3f8]
Event: 44.938 Thread 0x00000203f0fea800 4108       1       org.gradle.cache.internal.btree.FileBackedBlockStore::access$500 (5 bytes)
Event: 44.938 Thread 0x00000203f0fea800 nmethod 4108 0x00000203e235c490 code [0x00000203e235c640, 0x00000203e235c6d8]

GC Heap History (14 events):
Event: 0.946 GC heap before
{Heap before GC invocations=0 (full 0):
 garbage-first heap   total 126976K, used 30720K [0x0000000080000000, 0x0000000100000000)
  region size 1024K, 24 young (24576K), 0 survivors (0K)
 Metaspace       used 10269K, capacity 10491K, committed 10624K, reserved 1058816K
  class space    used 1071K, capacity 1141K, committed 1152K, reserved 1048576K
}
Event: 0.952 GC heap after
{Heap after GC invocations=1 (full 0):
 garbage-first heap   total 126976K, used 9187K [0x0000000080000000, 0x0000000100000000)
  region size 1024K, 3 young (3072K), 3 survivors (3072K)
 Metaspace       used 10269K, capacity 10491K, committed 10624K, reserved 1058816K
  class space    used 1071K, capacity 1141K, committed 1152K, reserved 1048576K
}
Event: 4.241 GC heap before
{Heap before GC invocations=1 (full 0):
 garbage-first heap   total 126976K, used 82915K [0x0000000080000000, 0x0000000100000000)
  region size 1024K, 74 young (75776K), 3 survivors (3072K)
 Metaspace       used 17609K, capacity 17992K, committed 18176K, reserved 1064960K
  class space    used 2072K, capacity 2219K, committed 2304K, reserved 1048576K
}
Event: 4.256 GC heap after
{Heap after GC invocations=2 (full 0):
 garbage-first heap   total 126976K, used 15710K [0x0000000080000000, 0x0000000100000000)
  region size 1024K, 10 young (10240K), 10 survivors (10240K)
 Metaspace       used 17609K, capacity 17992K, committed 18176K, reserved 1064960K
  class space    used 2072K, capacity 2219K, committed 2304K, reserved 1048576K
}
Event: 5.545 GC heap before
{Heap before GC invocations=2 (full 0):
 garbage-first heap   total 126976K, used 42334K [0x0000000080000000, 0x0000000100000000)
  region size 1024K, 37 young (37888K), 10 survivors (10240K)
 Metaspace       used 20710K, capacity 21104K, committed 21296K, reserved 1069056K
  class space    used 2534K, capacity 2660K, committed 2688K, reserved 1048576K
}
Event: 5.560 GC heap after
{Heap after GC invocations=3 (full 0):
 garbage-first heap   total 126976K, used 16995K [0x0000000080000000, 0x0000000100000000)
  region size 1024K, 2 young (2048K), 2 survivors (2048K)
 Metaspace       used 20710K, capacity 21104K, committed 21296K, reserved 1069056K
  class space    used 2534K, capacity 2660K, committed 2688K, reserved 1048576K
}
Event: 8.533 GC heap before
{Heap before GC invocations=4 (full 0):
 garbage-first heap   total 126976K, used 77411K [0x0000000080000000, 0x0000000100000000)
  region size 1024K, 61 young (62464K), 2 survivors (2048K)
 Metaspace       used 26641K, capacity 27185K, committed 27440K, reserved 1073152K
  class space    used 3493K, capacity 3695K, committed 3712K, reserved 1048576K
}
Event: 8.545 GC heap after
{Heap after GC invocations=5 (full 0):
 garbage-first heap   total 126976K, used 18984K [0x0000000080000000, 0x0000000100000000)
  region size 1024K, 4 young (4096K), 4 survivors (4096K)
 Metaspace       used 26641K, capacity 27185K, committed 27440K, reserved 1073152K
  class space    used 3493K, capacity 3695K, committed 3712K, reserved 1048576K
}
Event: 11.643 GC heap before
{Heap before GC invocations=5 (full 0):
 garbage-first heap   total 126976K, used 69160K [0x0000000080000000, 0x0000000100000000)
  region size 1024K, 54 young (55296K), 4 survivors (4096K)
 Metaspace       used 34897K, capacity 35639K, committed 35708K, reserved 1081344K
  class space    used 4530K, capacity 4857K, committed 4864K, reserved 1048576K
}
Event: 11.656 GC heap after
{Heap after GC invocations=6 (full 0):
 garbage-first heap   total 126976K, used 22332K [0x0000000080000000, 0x0000000100000000)
  region size 1024K, 7 young (7168K), 7 survivors (7168K)
 Metaspace       used 34897K, capacity 35639K, committed 35708K, reserved 1081344K
  class space    used 4530K, capacity 4857K, committed 4864K, reserved 1048576K
}
Event: 16.452 GC heap before
{Heap before GC invocations=7 (full 0):
 garbage-first heap   total 126976K, used 90940K [0x0000000080000000, 0x0000000100000000)
  region size 1024K, 72 young (73728K), 7 survivors (7168K)
 Metaspace       used 40273K, capacity 41243K, committed 41468K, reserved 1085440K
  class space    used 5139K, capacity 5504K, committed 5504K, reserved 1048576K
}
Event: 16.470 GC heap after
{Heap after GC invocations=8 (full 0):
 garbage-first heap   total 126976K, used 27773K [0x0000000080000000, 0x0000000100000000)
  region size 1024K, 9 young (9216K), 9 survivors (9216K)
 Metaspace       used 40273K, capacity 41243K, committed 41468K, reserved 1085440K
  class space    used 5139K, capacity 5504K, committed 5504K, reserved 1048576K
}
Event: 44.276 GC heap before
{Heap before GC invocations=8 (full 0):
 garbage-first heap   total 126976K, used 93309K [0x0000000080000000, 0x0000000100000000)
  region size 1024K, 72 young (73728K), 9 survivors (9216K)
 Metaspace       used 46024K, capacity 47132K, committed 47228K, reserved 1089536K
  class space    used 5899K, capacity 6325K, committed 6400K, reserved 1048576K
}
Event: 44.287 GC heap after
{Heap after GC invocations=9 (full 0):
 garbage-first heap   total 126976K, used 29627K [0x0000000080000000, 0x0000000100000000)
  region size 1024K, 3 young (3072K), 3 survivors (3072K)
 Metaspace       used 46024K, capacity 47132K, committed 47228K, reserved 1089536K
  class space    used 5899K, capacity 6325K, committed 6400K, reserved 1048576K
}

Deoptimization events (20 events):
Event: 28.453 Thread 0x00000203f3354000 Uncommon trap: trap_request=0xffffff4d fr.pc=0x00000203e212e4c4 relative=0x00000000000000a4
Event: 28.453 Thread 0x00000203f3354000 Uncommon trap: reason=unstable_if action=reinterpret pc=0x00000203e212e4c4 method=java.net.URI.match(CJJ)Z @ 45 c2
Event: 28.453 Thread 0x00000203f3354000 DEOPT PACKING pc=0x00000203e212e4c4 sp=0x000000319dcf8780
Event: 28.453 Thread 0x00000203f3354000 DEOPT UNPACKING pc=0x00000203da6483af sp=0x000000319dcf8730 mode 2
Event: 44.884 Thread 0x00000203f3354000 Uncommon trap: trap_request=0xffffffde fr.pc=0x00000203e2351e8c relative=0x00000000000012ec
Event: 44.884 Thread 0x00000203f3354000 Uncommon trap: reason=class_check action=maybe_recompile pc=0x00000203e2351e8c method=java.util.HashMap.computeIfAbsent(Ljava/lang/Object;Ljava/util/function/Function;)Ljava/lang/Object; @ 142 c2
Event: 44.884 Thread 0x00000203f3354000 DEOPT PACKING pc=0x00000203e2351e8c sp=0x000000319dcf84a0
Event: 44.884 Thread 0x00000203f3354000 DEOPT UNPACKING pc=0x00000203da6483af sp=0x000000319dcf8478 mode 2
Event: 44.898 Thread 0x00000203f3354000 Uncommon trap: trap_request=0xffffffde fr.pc=0x00000203e2351e8c relative=0x00000000000012ec
Event: 44.898 Thread 0x00000203f3354000 Uncommon trap: reason=class_check action=maybe_recompile pc=0x00000203e2351e8c method=java.util.HashMap.computeIfAbsent(Ljava/lang/Object;Ljava/util/function/Function;)Ljava/lang/Object; @ 142 c2
Event: 44.898 Thread 0x00000203f3354000 DEOPT PACKING pc=0x00000203e2351e8c sp=0x000000319dcf84a0
Event: 44.898 Thread 0x00000203f3354000 DEOPT UNPACKING pc=0x00000203da6483af sp=0x000000319dcf8478 mode 2
Event: 44.938 Thread 0x00000203f3354000 Uncommon trap: trap_request=0xffffffde fr.pc=0x00000203e2351e8c relative=0x00000000000012ec
Event: 44.938 Thread 0x00000203f3354000 Uncommon trap: reason=class_check action=maybe_recompile pc=0x00000203e2351e8c method=java.util.HashMap.computeIfAbsent(Ljava/lang/Object;Ljava/util/function/Function;)Ljava/lang/Object; @ 142 c2
Event: 44.938 Thread 0x00000203f3354000 DEOPT PACKING pc=0x00000203e2351e8c sp=0x000000319dcf8770
Event: 44.938 Thread 0x00000203f3354000 DEOPT UNPACKING pc=0x00000203da6483af sp=0x000000319dcf8748 mode 2
Event: 44.938 Thread 0x00000203f3354000 Uncommon trap: trap_request=0xffffffde fr.pc=0x00000203e2351e8c relative=0x00000000000012ec
Event: 44.938 Thread 0x00000203f3354000 Uncommon trap: reason=class_check action=maybe_recompile pc=0x00000203e2351e8c method=java.util.HashMap.computeIfAbsent(Ljava/lang/Object;Ljava/util/function/Function;)Ljava/lang/Object; @ 142 c2
Event: 44.938 Thread 0x00000203f3354000 DEOPT PACKING pc=0x00000203e2351e8c sp=0x000000319dcf87e0
Event: 44.938 Thread 0x00000203f3354000 DEOPT UNPACKING pc=0x00000203da6483af sp=0x000000319dcf87b8 mode 2

Classes redefined (0 events):
No events

Internal exceptions (20 events):
Event: 16.856 Thread 0x00000203f0fe8000 Exception <a 'java/lang/NoSuchMethodError'{0x0000000087426458}: <clinit>> (0x0000000087426458) thrown at [./src/hotspot/share/prims/jni.cpp, line 1362]
Event: 18.093 Thread 0x00000203f3354000 Implicit null exception at 0x00000203e21fe4f4 to 0x00000203e21fe704
Event: 25.567 Thread 0x00000203f3354000 Exception <a 'java/lang/ClassNotFoundException'{0x000000008614dc90}: build_droxy28z6xtpkyak5elobbuseBeanInfo> (0x000000008614dc90) thrown at [./src/hotspot/share/classfile/systemDictionary.cpp, line 231]
Event: 25.567 Thread 0x00000203f3354000 Exception <a 'java/lang/ClassNotFoundException'{0x0000000086164188}: org/gradle/api/internal/project/ProjectScriptBeanInfo> (0x0000000086164188) thrown at [./src/hotspot/share/classfile/systemDictionary.cpp, line 231]
Event: 25.568 Thread 0x00000203f3354000 Exception <a 'java/lang/ClassNotFoundException'{0x000000008617a300}: org/gradle/api/internal/project/ProjectScriptCustomizer> (0x000000008617a300) thrown at [./src/hotspot/share/classfile/systemDictionary.cpp, line 231]
Event: 25.569 Thread 0x00000203f3354000 Exception <a 'java/lang/ClassNotFoundException'{0x00000000861957c8}: build_droxy28z6xtpkyak5elobbuseCustomizer> (0x00000000861957c8) thrown at [./src/hotspot/share/classfile/systemDictionary.cpp, line 231]
Event: 25.601 Thread 0x00000203f3354000 Exception <a 'java/lang/ClassNotFoundException'{0x000000008601f130}: org/gradle/plugin/use/internal/PluginRequestCollector$PluginDependenciesSpecImplBeanInfo> (0x000000008601f130) thrown at [./src/hotspot/share/classfile/systemDictionary.cpp, line 231]
Event: 25.602 Thread 0x00000203f3354000 Exception <a 'java/lang/ClassNotFoundException'{0x000000008604dfb8}: org/gradle/plugin/use/internal/PluginRequestCollector$PluginDependenciesSpecImplCustomizer> (0x000000008604dfb8) thrown at [./src/hotspot/share/classfile/systemDictionary.cpp, line 231]
Event: 25.643 Thread 0x00000203f3354000 Exception <a 'java/lang/ClassNotFoundException'{0x00000000860b3f80}: org/gradle/plugin/use/internal/PluginRequestCollector$PluginDependencySpecImplBeanInfo> (0x00000000860b3f80) thrown at [./src/hotspot/share/classfile/systemDictionary.cpp, line 231]
Event: 25.644 Thread 0x00000203f3354000 Exception <a 'java/lang/ClassNotFoundException'{0x00000000860e1ff0}: org/gradle/plugin/use/internal/PluginRequestCollector$PluginDependencySpecImplCustomizer> (0x00000000860e1ff0) thrown at [./src/hotspot/share/classfile/systemDictionary.cpp, line 231]
Event: 39.237 Thread 0x00000203f3354000 Exception <a 'java/lang/IncompatibleClassChangeError'{0x00000000847f1cf0}: Found class java.lang.Object, but interface was expected> (0x00000000847f1cf0) thrown at [./src/hotspot/share/interpreter/linkResolver.cpp, line 839]
Event: 44.179 Thread 0x00000203f3354000 Exception <a 'java/lang/NoSuchMethodError'{0x0000000083e55898}: 'int java.lang.invoke.DirectMethodHandle$Holder.invokeStaticInit(java.lang.Object)'> (0x0000000083e55898) thrown at [./src/hotspot/share/interpreter/linkResolver.cpp, line 773]
Event: 44.319 Thread 0x00000203f3354000 Exception <a 'java/lang/NoSuchMethodError'{0x0000000087a40900}: 'void java.lang.invoke.DirectMethodHandle$Holder.invokeStatic(java.lang.Object, java.lang.Object, java.lang.Object, int, java.lang.Object)'> (0x0000000087a40900) thrown at [./src/hotspot/share/interpreter/linkResolver.cpp, line 773]
Event: 44.655 Thread 0x00000203f3354000 Exception <a 'java/lang/NoSuchMethodError'{0x0000000087446ec8}: 'java.lang.Object java.lang.invoke.DelegatingMethodHandle$Holder.reinvoke_L(java.lang.Object, java.lang.Object, java.lang.Object, java.lang.Object, java.lang.Object, java.lang.Object, java.lang.Object, java.lang.Object, java.lang.Object, java.lang.Object, java.lang.Object, java.lang.Object, java.lang.Object, java.lang.Object, java.lang.Object, java.lang.Object, java.lang.Object, java.lang.Object, java.lang.Object, java.lang.Object)'> (0x000000
Event: 44.658 Thread 0x00000203f3354000 Exception <a 'java/lang/NoSuchMethodError'{0x0000000087452968}: 'java.lang.Object java.lang.invoke.DirectMethodHandle$Holder.invokeSpecial(java.lang.Object, java.lang.Object, java.lang.Object, java.lang.Object, java.lang.Object, java.lang.Object, java.lang.Object, java.lang.Object, java.lang.Object, java.lang.Object, java.lang.Object, java.lang.Object, java.lang.Object, java.lang.Object, java.lang.Object, java.lang.Object, java.lang.Object, java.lang.Object, java.lang.Object, java.lang.Object)'> (0x0000000
Event: 44.658 Thread 0x00000203f3354000 Exception <a 'java/lang/NoSuchMethodError'{0x00000000874588a8}: 'java.lang.Object java.lang.invoke.Invokers$Holder.invoker(java.lang.Object, java.lang.Object, java.lang.Object, java.lang.Object, java.lang.Object, java.lang.Object, java.lang.Object, java.lang.Object, java.lang.Object, java.lang.Object, java.lang.Object, java.lang.Object, java.lang.Object, java.lang.Object, java.lang.Object, java.lang.Object, java.lang.Object, java.lang.Object, java.lang.Object, java.lang.Object)'> (0x00000000874588a8) throw
Event: 44.659 Thread 0x00000203f3354000 Exception <a 'java/lang/NoSuchMethodError'{0x000000008745f9b8}: 'java.lang.Object java.lang.invoke.DelegatingMethodHandle$Holder.delegate(java.lang.Object, java.lang.Object, java.lang.Object, java.lang.Object, java.lang.Object, java.lang.Object, java.lang.Object, java.lang.Object, java.lang.Object, java.lang.Object, java.lang.Object, java.lang.Object, java.lang.Object, java.lang.Object, java.lang.Object, java.lang.Object, java.lang.Object, java.lang.Object, java.lang.Object, java.lang.Object)'> (0x00000000
Event: 44.713 Thread 0x00000203f3354000 Exception <a 'java/lang/NoSuchMethodError'{0x00000000874cba10}: 'java.lang.Object java.lang.invoke.DirectMethodHandle$Holder.invokeStatic(java.lang.Object, java.lang.Object, java.lang.Object, java.lang.Object, java.lang.Object, java.lang.Object, java.lang.Object, java.lang.Object, java.lang.Object, java.lang.Object, java.lang.Object, java.lang.Object, java.lang.Object, java.lang.Object, java.lang.Object)'> (0x00000000874cba10) thrown at [./src/hotspot/share/interpreter/linkResolver.cpp, line 773]
Event: 44.771 Thread 0x00000203f3354000 Exception <a 'java/lang/NoSuchMethodError'{0x00000000874dc160}: 'java.lang.Object java.lang.invoke.DirectMethodHandle$Holder.invokeStatic(java.lang.Object, java.lang.Object, java.lang.Object, java.lang.Object, java.lang.Object, java.lang.Object, java.lang.Object, java.lang.Object, java.lang.Object, java.lang.Object, java.lang.Object, java.lang.Object, java.lang.Object, java.lang.Object, java.lang.Object, java.lang.Object)'> (0x00000000874dc160) thrown at [./src/hotspot/share/interpreter/linkResolver.cpp, l
Event: 44.773 Thread 0x00000203f3354000 Exception <a 'java/lang/NoSuchMethodError'{0x00000000874ec638}: 'java.lang.Object java.lang.invoke.DelegatingMethodHandle$Holder.reinvoke_L(java.lang.Object, java.lang.Object, java.lang.Object, java.lang.Object, java.lang.Object, java.lang.Object, java.lang.Object, java.lang.Object, java.lang.Object, java.lang.Object, java.lang.Object, java.lang.Object, java.lang.Object, java.lang.Object, java.lang.Object, java.lang.Object, java.lang.Object, java.lang.Object, java.lang.Object)'> (0x00000000874ec638) thrown

Events (20 events):
Event: 44.917 loading class org/gradle/api/capabilities/Capability
Event: 44.917 loading class org/gradle/api/capabilities/Capability done
Event: 44.917 loading class org/gradle/api/capabilities/Capability
Event: 44.917 loading class org/gradle/api/capabilities/Capability done
Event: 44.918 loading class org/gradle/internal/component/external/model/AbstractMutableModuleComponentResolveMetadata$FileImpl
Event: 44.918 loading class org/gradle/internal/component/external/model/AbstractMutableModuleComponentResolveMetadata$FileImpl done
Event: 44.920 loading class org/gradle/internal/component/external/model/ComponentVariant$File
Event: 44.920 loading class org/gradle/internal/component/external/model/ComponentVariant$File done
Event: 44.923 loading class org/gradle/internal/component/external/model/AbstractMutableModuleComponentResolveMetadata$ImmutableVariantImpl
Event: 44.923 loading class org/gradle/internal/component/external/model/AbstractMutableModuleComponentResolveMetadata$ImmutableVariantImpl done
Event: 44.926 loading class org/gradle/internal/component/external/model/ComponentVariant
Event: 44.926 loading class org/gradle/internal/component/external/model/ComponentVariant done
Event: 44.928 loading class org/gradle/internal/component/external/model/LazyVariantBackedConfigurationMetadata
Event: 44.928 loading class org/gradle/internal/component/external/model/LazyVariantBackedConfigurationMetadata done
Event: 44.929 loading class org/gradle/internal/component/external/model/AbstractVariantBackedConfigurationMetadata
Event: 44.929 loading class org/gradle/internal/component/external/model/AbstractVariantBackedConfigurationMetadata done
Event: 44.931 loading class org/gradle/internal/component/external/model/LazyVariantBackedConfigurationMetadata$RuleAwareVariant
Event: 44.931 loading class org/gradle/internal/component/external/model/LazyVariantBackedConfigurationMetadata$RuleAwareVariant done
Event: 44.933 loading class org/gradle/internal/component/external/model/GradleDependencyMetadata
Event: 44.933 loading class org/gradle/internal/component/external/model/GradleDependencyMetadata done


Dynamic libraries:
0x00007ff6c4cb0000 - 0x00007ff6c4cba000 	C:\Program Files\Android\Android Studio\jre\bin\java.exe
0x00007fffea480000 - 0x00007fffea689000 	C:\WINDOWS\SYSTEM32\ntdll.dll
0x00007fffe9640000 - 0x00007fffe96fd000 	C:\WINDOWS\System32\KERNEL32.DLL
0x00007fffe79e0000 - 0x00007fffe7d54000 	C:\WINDOWS\System32\KERNELBASE.dll
0x00007fffe81d0000 - 0x00007fffe82e1000 	C:\WINDOWS\System32\ucrtbase.dll
0x00007fffd0210000 - 0x00007fffd0229000 	C:\Program Files\Android\Android Studio\jre\bin\jli.dll
0x00007fffe93e0000 - 0x00007fffe958c000 	C:\WINDOWS\System32\USER32.dll
0x00007fffcf710000 - 0x00007fffcf727000 	C:\Program Files\Android\Android Studio\jre\bin\VCRUNTIME140.dll
0x00007fffe82f0000 - 0x00007fffe8316000 	C:\WINDOWS\System32\win32u.dll
0x00007fffe8bf0000 - 0x00007fffe8c19000 	C:\WINDOWS\System32\GDI32.dll
0x00007fffcb530000 - 0x00007fffcb7d5000 	C:\WINDOWS\WinSxS\amd64_microsoft.windows.common-controls_6595b64144ccf1df_6.0.22000.120_none_9d947278b86cc467\COMCTL32.dll
0x00007fffe7f70000 - 0x00007fffe8082000 	C:\WINDOWS\System32\gdi32full.dll
0x00007fffe9700000 - 0x00007fffe97a3000 	C:\WINDOWS\System32\msvcrt.dll
0x00007fffe7ed0000 - 0x00007fffe7f6d000 	C:\WINDOWS\System32\msvcp_win.dll
0x00007fffea400000 - 0x00007fffea431000 	C:\WINDOWS\System32\IMM32.DLL
0x00007fff9dde0000 - 0x00007fff9de7d000 	C:\Program Files\Android\Android Studio\jre\bin\msvcp140.dll
0x00007fff65560000 - 0x00007fff66035000 	C:\Program Files\Android\Android Studio\jre\bin\server\jvm.dll
0x00007fffe9590000 - 0x00007fffe963e000 	C:\WINDOWS\System32\ADVAPI32.dll
0x00007fffe9250000 - 0x00007fffe92ee000 	C:\WINDOWS\System32\sechost.dll
0x00007fffe85b0000 - 0x00007fffe86d0000 	C:\WINDOWS\System32\RPCRT4.dll
0x00007fffe8380000 - 0x00007fffe8388000 	C:\WINDOWS\System32\PSAPI.DLL
0x00007fffe21d0000 - 0x00007fffe2203000 	C:\WINDOWS\SYSTEM32\WINMM.dll
0x00007fffc5610000 - 0x00007fffc5619000 	C:\WINDOWS\SYSTEM32\WSOCK32.dll
0x00007fffdfb20000 - 0x00007fffdfb2a000 	C:\WINDOWS\SYSTEM32\VERSION.dll
0x00007fffe9af0000 - 0x00007fffe9b5f000 	C:\WINDOWS\System32\WS2_32.dll
0x00007fffe6a70000 - 0x00007fffe6a88000 	C:\WINDOWS\SYSTEM32\kernel.appcore.dll
0x00007fffcaec0000 - 0x00007fffcaed1000 	C:\Program Files\Android\Android Studio\jre\bin\verify.dll
0x00007fffe5400000 - 0x00007fffe5621000 	C:\WINDOWS\SYSTEM32\DBGHELP.DLL
0x00007fffc9280000 - 0x00007fffc92b1000 	C:\WINDOWS\SYSTEM32\dbgcore.DLL
0x00007fffe8150000 - 0x00007fffe81cf000 	C:\WINDOWS\System32\bcryptPrimitives.dll
0x00007fffcab80000 - 0x00007fffcaba9000 	C:\Program Files\Android\Android Studio\jre\bin\java.dll
0x00007fffd01e0000 - 0x00007fffd01eb000 	C:\Program Files\Android\Android Studio\jre\bin\jimage.dll
0x00007fffca7f0000 - 0x00007fffca808000 	C:\Program Files\Android\Android Studio\jre\bin\zip.dll
0x00007fffe9c50000 - 0x00007fffea3fe000 	C:\WINDOWS\System32\SHELL32.dll
0x00007fffe5ae0000 - 0x00007fffe6347000 	C:\WINDOWS\SYSTEM32\windows.storage.dll
0x00007fffe8870000 - 0x00007fffe8be8000 	C:\WINDOWS\System32\combase.dll
0x00007fffe5970000 - 0x00007fffe5ad6000 	C:\WINDOWS\SYSTEM32\wintypes.dll
0x00007fffe92f0000 - 0x00007fffe93da000 	C:\WINDOWS\System32\SHCORE.dll
0x00007fffe97b0000 - 0x00007fffe980d000 	C:\WINDOWS\System32\shlwapi.dll
0x00007fffe78a0000 - 0x00007fffe78c1000 	C:\WINDOWS\SYSTEM32\profapi.dll
0x00007fffc9650000 - 0x00007fffc966a000 	C:\Program Files\Android\Android Studio\jre\bin\net.dll
0x00007fffe0f10000 - 0x00007fffe101c000 	C:\WINDOWS\SYSTEM32\WINHTTP.dll
0x00007fffe6ea0000 - 0x00007fffe6f07000 	C:\WINDOWS\system32\mswsock.dll
0x00007fffb7de0000 - 0x00007fffb7df4000 	C:\Program Files\Android\Android Studio\jre\bin\nio.dll
0x00007fffac0c0000 - 0x00007fffac0e7000 	C:\Users\MY PC\.gradle\native\e1d6ef7f7dcc3fd88c89a11ec53ec762bb8ba0a96d01ffa2cd45eb1d1d8dd5c5\windows-amd64\native-platform.dll
0x00007fff98540000 - 0x00007fff98684000 	C:\Users\MY PC\.gradle\native\5664cfc778a61ccfe75a443a1ab52a65af34e5dc3c78e0209fed803814484fcb\windows-amd64\native-platform-file-events.dll
0x00007fffd00f0000 - 0x00007fffd00fa000 	C:\Program Files\Android\Android Studio\jre\bin\management.dll
0x00007fffcffd0000 - 0x00007fffcffdd000 	C:\Program Files\Android\Android Studio\jre\bin\management_ext.dll
0x00007fffe70e0000 - 0x00007fffe70f8000 	C:\WINDOWS\SYSTEM32\CRYPTSP.dll
0x00007fffe69d0000 - 0x00007fffe6a05000 	C:\WINDOWS\system32\rsaenh.dll
0x00007fffe6f90000 - 0x00007fffe6fb9000 	C:\WINDOWS\SYSTEM32\USERENV.dll
0x00007fffe7260000 - 0x00007fffe7287000 	C:\WINDOWS\SYSTEM32\bcrypt.dll
0x00007fffe7100000 - 0x00007fffe710c000 	C:\WINDOWS\SYSTEM32\CRYPTBASE.dll
0x00007fffe65a0000 - 0x00007fffe65cd000 	C:\WINDOWS\SYSTEM32\IPHLPAPI.DLL
0x00007fffe9810000 - 0x00007fffe9819000 	C:\WINDOWS\System32\NSI.dll
0x00007fffe09f0000 - 0x00007fffe0a09000 	C:\WINDOWS\SYSTEM32\dhcpcsvc6.DLL
0x00007fffe1c70000 - 0x00007fffe1c8e000 	C:\WINDOWS\SYSTEM32\dhcpcsvc.DLL
0x00007fffe6610000 - 0x00007fffe66f7000 	C:\WINDOWS\SYSTEM32\DNSAPI.dll

dbghelp: loaded successfully - version: 4.0.5 - missing functions: none
symbol engine: initialized successfully - sym options: 0x614 - pdb path: .;C:\Program Files\Android\Android Studio\jre\bin;C:\WINDOWS\SYSTEM32;C:\WINDOWS\WinSxS\amd64_microsoft.windows.common-controls_6595b64144ccf1df_6.0.22000.120_none_9d947278b86cc467;C:\Program Files\Android\Android Studio\jre\bin\server;C:\Users\MY PC\.gradle\native\e1d6ef7f7dcc3fd88c89a11ec53ec762bb8ba0a96d01ffa2cd45eb1d1d8dd5c5\windows-amd64;C:\Users\MY PC\.gradle\native\5664cfc778a61ccfe75a443a1ab52a65af34e5dc3c78e0209fed803814484fcb\windows-amd64

VM Arguments:
jvm_args: --add-opens=java.base/java.util=ALL-UNNAMED --add-opens=java.base/java.lang=ALL-UNNAMED --add-opens=java.base/java.lang.invoke=ALL-UNNAMED --add-opens=java.base/java.util=ALL-UNNAMED --add-opens=java.prefs/java.util.prefs=ALL-UNNAMED --add-opens=java.prefs/java.util.prefs=ALL-UNNAMED --add-opens=java.base/java.nio.charset=ALL-UNNAMED --add-opens=java.base/java.net=ALL-UNNAMED --add-opens=java.base/java.util.concurrent.atomic=ALL-UNNAMED -Xmx2048m -Dfile.encoding=UTF-8 -Duser.country=IN -Duser.language=en -Duser.variant 
java_command: org.gradle.launcher.daemon.bootstrap.GradleDaemon 7.2
java_class_path (initial): C:\Users\MY PC\.gradle\wrapper\dists\gradle-7.2-bin\2dnblmf4td7x66yl1d74lt32g\gradle-7.2\lib\gradle-launcher-7.2.jar
Launcher Type: SUN_STANDARD

[Global flags]
     intx CICompilerCount                          = 4                                         {product} {ergonomic}
     uint ConcGCThreads                            = 2                                         {product} {ergonomic}
     uint G1ConcRefinementThreads                  = 8                                         {product} {ergonomic}
   size_t G1HeapRegionSize                         = 1048576                                   {product} {ergonomic}
    uintx GCDrainStackTargetSize                   = 64                                        {product} {ergonomic}
   size_t InitialHeapSize                          = 130023424                                 {product} {ergonomic}
   size_t MarkStackSize                            = 4194304                                   {product} {ergonomic}
   size_t MaxHeapSize                              = 2147483648                                {product} {command line}
   size_t MaxNewSize                               = 1287651328                                {product} {ergonomic}
   size_t MinHeapDeltaBytes                        = 1048576                                   {product} {ergonomic}
    uintx NonNMethodCodeHeapSize                   = 5836300                                {pd product} {ergonomic}
    uintx NonProfiledCodeHeapSize                  = 122910970                              {pd product} {ergonomic}
    uintx ProfiledCodeHeapSize                     = 122910970                              {pd product} {ergonomic}
    uintx ReservedCodeCacheSize                    = 251658240                              {pd product} {ergonomic}
     bool SegmentedCodeCache                       = true                                      {product} {ergonomic}
     bool UseCompressedClassPointers               = true                                 {lp64_product} {ergonomic}
     bool UseCompressedOops                        = true                                 {lp64_product} {ergonomic}
     bool UseG1GC                                  = true                                      {product} {ergonomic}
     bool UseLargePagesIndividualAllocation        = false                                  {pd product} {ergonomic}

Logging:
Log output configuration:
 #0: stdout all=warning uptime,level,tags
 #1: stderr all=off uptime,level,tags

Environment Variables:
PATH=C:\Program Files\Common Files\Oracle\Java\javapath;C:\oracle\o19c\WINDOWS.X64_193000_db_home\bin;C:\Program Files (x86)\Common Files\Oracle\Java\javapath;C:\Program Files (x86)\VMware\VMware Workstation\bin\;C:\WINDOWS\system32;C:\WINDOWS;C:\WINDOWS\System32\Wbem;C:\WINDOWS\System32\WindowsPowerShell\v1.0\;C:\WINDOWS\System32\OpenSSH\;C:\Program Files\dotnet\;C:\Program Files\Microsoft SQL Server\130\Tools\Binn\;C:\Program Files\Microsoft SQL Server\Client SDK\ODBC\170\Tools\Binn\;C:\Program Files\Git\cmd;C:\Program Files\nodejs\;C:\Program Files\MySQL\MySQL Shell 8.0\bin\;C:\Users\MY PC\.spyder-py3;C:\Users\MY PC\AppData\Local\Microsoft\WindowsApps;C:\Program Files\MongoDB\Server\4.4\bin\;C:\Users\MY PC\Downloads\mongodb-database-tools-windows-x86_64-100.2.1.zip\mongodb-database-tools-windows-x86_64-100.2.1\bin;C:\Users\MY PC\Downloads\mongodb-database-tools-windows-x86_64-100.2.1\mongodb-database-tools-windows-x86_64-100.2.1\bin;C:\Program Files\Java\jre1.8.0_281\bin;C:\Users\MY PC\Downloads\py-tpcc-master.zip\py-tpcc-master\pytpcc\drivers;C:\Users\MY PC\Downloads\py-tpcc-master.zip\py-tpcc-master;C:\Users\MY PC\anaconda3\Lib\site-packages\mysql_connector_python-8.0.23-py3.8.egg-info;C:\\Users\\MY PC\\anaconda3\\Lib\\site-packages\\cv2\\cv2.cp38-win_amd64.pyd;C:\Users\MY PC\anaconda3\Lib\site-packages\cv2;C:\Program Files\nodejs\node_modules\npm\bin;C:\Program Files\nodejs\node_modules\npm\bin\node-gyp-bin;C:\Program Files\nodejs\node_modules\npm;C:\Users\MY PC\.dotnet\tools;C:\Users\MY PC\AppData\Local\Programs\MiKTeX\miktex\bin\x64\;C:\Users\MY PC\Downloads\bellsoft-jdk8u302+8-windows-amd64\jdk8u302\bin;C:\ProgramData\Microsoft\Windows\Start Menu\Programs\Turbo C++\Turbo C++ 3.2;;C:\Users\MY PC\AppData\Local\Programs\Microsoft VS Code\bin;C:\Users\MY PC\AppData\Roaming\npm
USERNAME=MY PC
OS=Windows_NT
PROCESSOR_IDENTIFIER=Intel64 Family 6 Model 126 Stepping 5, GenuineIntel



---------------  S Y S T E M  ---------------

OS: Windows 10 , 64 bit Build 22000 (10.0.22000.434)
OS uptime: 15 days 20:49 hours

CPU:total 8 (initial active 8) (4 cores per cpu, 2 threads per core) family 6 model 126 stepping 5 microcode 0x96, cmov, cx8, fxsr, mmx, sse, sse2, sse3, ssse3, sse4.1, sse4.2, popcnt, avx, avx2, aes, clmul, erms, 3dnowpref, lzcnt, ht, tsc, tscinvbit, bmi1, bmi2, adx, evex, sha, fma

Memory: 4k page, system-wide physical 7880M (36M free)
TotalPageFile size 32456M (AvailPageFile size 8M)
current process WorkingSet (physical memory assigned to process): 215M, peak: 216M
current process commit charge ("private bytes"): 302M, peak: 309M

vm_info: OpenJDK 64-Bit Server VM (11.0.11+9-b60-7590822) for windows-amd64 JRE (11.0.11+9-b60-7590822), built on Jul 29 2021 21:43:44 by "builder" with MS VC++ 14.0 (VS2015)

END.
